<?xml version="1.0" encoding="UTF-8"?>
<testng-results skipped="0" failed="0" ignored="0" total="1" passed="1">
  <reporter-output>
  </reporter-output>
  <suite name="Surefire suite" duration-ms="21040" started-at="2018-05-19T16:00:29Z" finished-at="2018-05-19T16:00:50Z">
    <groups>
    </groups>
    <test name="Surefire test" duration-ms="21040" started-at="2018-05-19T16:00:29Z" finished-at="2018-05-19T16:00:50Z">
      <class name="FacebookTest">
        <test-method status="PASS" signature="beforeTest()[pri:0, instance:FacebookTest@1417077]" name="beforeTest" is-config="true" duration-ms="6801" started-at="2018-05-19T16:00:29Z" finished-at="2018-05-19T16:00:36Z">
          <reporter-output>
          </reporter-output>
        </test-method> <!-- beforeTest -->
        <test-method status="PASS" signature="successFacebookLoginTest()[pri:0, instance:FacebookTest@1417077]" name="successFacebookLoginTest" duration-ms="13353" started-at="2018-05-19T16:00:36Z" finished-at="2018-05-19T16:00:49Z">
          <reporter-output>
          </reporter-output>
        </test-method> <!-- successFacebookLoginTest -->
        <test-method status="PASS" signature="afterTest()[pri:0, instance:FacebookTest@1417077]" name="afterTest" is-config="true" duration-ms="845" started-at="2018-05-19T16:00:49Z" finished-at="2018-05-19T16:00:50Z">
          <reporter-output>
          </reporter-output>
        </test-method> <!-- afterTest -->
      </class> <!-- FacebookTest -->
    </test> <!-- Surefire test -->
  </suite> <!-- Surefire suite -->
</testng-results>
